This file contains any messages produced by compilers while
running configure, to aid debugging if configure makes a mistake.

configure:542: checking for gcc
configure:655: checking whether the C compiler (gcc  ) works
configure:671: gcc -o conftest    conftest.c  1>&5
configure:697: checking whether the C compiler (gcc  ) is a cross-compiler
configure:702: checking whether we are using GNU C
configure:730: checking whether gcc accepts -g
configure:762: checking for cpp
configure:871: checking how to run the C preprocessor
configure:982: checking for a BSD compatible install
configure:1035: checking whether ln -s works
configure:1056: checking whether make sets ${MAKE}
configure:1085: checking for ranlib
configure:1117: checking for crypt in -lcrypt
configure:1164: checking for connect in -lsocket
configure:1211: checking for gethostbyname in -lnsl
configure:1263: checking for X
configure:1493: checking for ANSI C header files
configure:1597: checking for sys/wait.h that is POSIX.1 compatible
configure:1642: checking for fcntl.h
configure:1642: checking for limits.h
configure:1642: checking for malloc.h
configure:1642: checking for sgtty.h
configure:1642: checking for strings.h
configure:1642: checking for sys/file.h
configure:1642: checking for sys/ioctl.h
configure:1642: checking for sys/time.h
configure:1642: checking for termio.h
configure:1642: checking for unistd.h
configure:1642: checking for sys/types.h
configure:1680: checking for mode_t
configure:1713: checking whether time.h and sys/time.h may both be included
configure:1748: checking for time_t
configure:1782: checking for socklen_t
configure:1807: checking for RAND_MAX
configure:1830: checking whether gcc needs -traditional
configure:1876: checking for 8-bit clean memcmp
configure:1912: checking return type of signal handlers
configure:1953: checking for wait3 that fills in rusage
configure:2017: checking for gethostname
configure:2017: checking for mkdir
configure:2017: checking for select
configure:2017: checking for socket
configure:2017: checking for strtol
configure:2072: checking for drand48
configure:2127: checking for perror
